<?xml version="1.0" encoding="UTF-8"?>
<!-- Generated by org.testng.reporters.JUnitReportReporter -->
<testsuite hostname="INCNU4289YK4" name="testcases.LoginTest" tests="1" failures="0" timestamp="26 Oct 2020 08:35:48 GMT" time="31.669" errors="0">
  <testcase name="LoginApp" time="31.669" classname="testcases.LoginTest"/>
</testsuite> <!-- testcases.LoginTest -->
